<?xml version="1.0" encoding="UTF-8"?>
<testng-results ignored="0" total="2" passed="2" failed="0" skipped="0">
  <reporter-output>
  </reporter-output>
  <suite started-at="2021-05-10T12:41:25 IST" name="Default suite" finished-at="2021-05-10T12:41:25 IST" duration-ms="24">
    <groups>
    </groups>
    <test started-at="2021-05-10T12:41:25 IST" name="Default test" finished-at="2021-05-10T12:41:25 IST" duration-ms="24">
      <class name="testng.Basics">
        <test-method signature="basic()[pri:0, instance:testng.Basics@152aa092]" started-at="2021-05-10T12:41:25 IST" name="basic" finished-at="2021-05-10T12:41:25 IST" duration-ms="5" status="PASS">
          <reporter-output>
          </reporter-output>
        </test-method> <!-- basic -->
        <test-method signature="basic1()[pri:0, instance:testng.Basics@152aa092]" started-at="2021-05-10T12:41:25 IST" name="basic1" finished-at="2021-05-10T12:41:25 IST" duration-ms="1" status="PASS">
          <reporter-output>
          </reporter-output>
        </test-method> <!-- basic1 -->
      </class> <!-- testng.Basics -->
    </test> <!-- Default test -->
  </suite> <!-- Default suite -->
</testng-results>
